0 info it worked if it ends with ok
1 verbose cli [ 'node', '/usr/bin/npm', 'install' ]
2 info using npm@1.2.14
3 info using node@v0.10.2
4 verbose read json /home/ssaavedra/Uni/Dropbox/Uni/GPUL/2013/gpul-python-presentation/package.json
5 error install Couldn't read dependencies
6 error Error: ENOENT, open '/home/ssaavedra/Uni/Dropbox/Uni/GPUL/2013/gpul-python-presentation/package.json'
7 error If you need help, you may report this log at:
7 error     <http://github.com/isaacs/npm/issues>
7 error or email it to:
7 error     <npm-@googlegroups.com>
8 error System Linux 3.8.5-201.fc18.x86_64
9 error command "node" "/usr/bin/npm" "install"
10 error cwd /home/ssaavedra/Uni/Dropbox/Uni/GPUL/2013/gpul-python-presentation
11 error node -v v0.10.2
12 error npm -v 1.2.14
13 error path /home/ssaavedra/Uni/Dropbox/Uni/GPUL/2013/gpul-python-presentation/package.json
14 error code ENOENT
15 error errno 34
16 verbose exit [ 34, true ]
